<?xml version="1.0" encoding="UTF-8"?>
<!-- Generated by org.testng.reporters.JUnitReportReporter -->
<testsuite skipped="0" hostname="TRD-206" name="tests.HomePageTest" tests="2" failures="0" timestamp="2020-03-04T11:17:52 IST" time="0.056" errors="0">
  <testcase name="FlipkartTitle" time="0.012" classname="tests.HomePageTest"/>
  <testcase name="FlipkartLoginBtn" time="0.044" classname="tests.HomePageTest"/>
</testsuite> <!-- tests.HomePageTest -->
