<?xml version="1.0" encoding="UTF-8"?>
<!-- Generated by org.testng.reporters.JUnitReportReporter -->
<testsuite skipped="0" hostname="TRD-206" name="tests.LoginTest" tests="4" failures="0" timestamp="2020-03-04T11:17:52 IST" time="14.209" errors="0">
  <testcase name="Login_EmptyUser_pass" time="0.263" classname="tests.LoginTest"/>
  <testcase name="Login_EmptyPass" time="0.306" classname="tests.LoginTest"/>
  <testcase name="Login_EmptyUsername" time="10.298" classname="tests.LoginTest"/>
  <testcase name="login_ValidUserValidPass" time="3.342" classname="tests.LoginTest"/>
</testsuite> <!-- tests.LoginTest -->
